1 1m8.464
1 1m8.852
2 1m9.240
3 1m8.720
4 1m9.168
5 1m9.136
6 1m9.252
7 1m8.660
8 1m8.536
9 1m8.964
10 1m9.084
11 1m9.600
12 1m9.656
13 1m9.288
14 1m9.044
15 1m8.360
16 1m8.812
17 1m9.212
18 1m8.812
19 1m8.860
20 1m8.808
21 1m8.668
22 1m8.616
23 1m9.132
24 1m8.632
25 1m8.684
26 1m8.740
27 1m8.948
28 1m8.696
29 1m9.032
30 1m8.352
31 1m8.760
32 1m8.732
33 1m8.920
34 1m8.700
35 1m8.872
36 1m8.796
37 1m8.692
38 1m9.948
39 1m8.940
40 1m8.664
41 1m8.608
42 1m8.416
43 1m8.400
44 1m8.732
45 1m8.524
46 1m8.352
47 1m8.680
48 1m8.624
49 1m8.640
50 1m8.844
51 1m8.656
52 1m8.592
53 1m8.908
54 1m8.792
55 1m8.872
56 1m8.548
57 1m8.532
58 1m8.396
59 1m8.652
60 1m8.812
61 1m8.596
62 1m8.744
63 1m9.108
64 1m9.072
65 1m8.796
66 1m9.308
67 1m8.732
68 1m8.632
69 1m8.548
70 1m8.932
71 1m8.588
72 1m8.396
73 1m8.444
74 1m8.912
75 1m9.492
76 1m8.468
77 1m8.404
78 1m9.328
79 1m8.820
80 1m8.744
81 1m8.916
82 1m8.492
83 1m8.528
84 1m9.088
85 1m10.296
86 1m8.668
87 1m8.888
88 1m8.508
89 1m8.856
90 1m8.968
91 1m8.856
92 1m8.860
93 1m8.608
94 1m9.984
95 1m9.120
96 1m8.504
97 1m8.884
98 1m8.876
99 1m9.184
100 1m8.680
