1 0.108
2 0.132
3 0.128
4 0.140
5 0.096
6 0.164
7 0.136
8 0.140
9 0.128
10 0.132
11 0.132
12 0.128
13 0.128
14 0.092
15 0.088
16 0.068
17 0.076
18 0.080
19 0.056
20 0.072
21 0.060
22 0.060
23 0.084
24 0.068
25 0.084
26 0.100
27 0.060
28 0.072
29 0.064
30 0.076
31 0.064
32 0.064
33 0.072
34 0.084
35 0.060
36 0.064
37 0.072
38 0.060
39 0.060
40 0.056
41 0.084
42 0.040
43 0.072
44 0.044
45 0.072
46 0.148
47 0.060
48 0.088
49 0.072
50 0.064
51 0.056
52 0.068
53 0.052
54 0.084
55 0.064
56 0.072
57 0.072
58 0.068
59 0.076
60 0.076
61 0.060
62 0.068
63 0.068
64 0.064
65 0.072
66 0.052
67 0.068
68 0.056
69 0.080
70 0.052
71 0.088
72 0.068
73 0.068
74 0.064
75 0.068
76 0.076
77 0.076
78 0.068
79 0.072
80 0.068
81 0.060
82 0.140
83 0.048
84 0.080
85 0.040
86 0.092
87 0.060
88 0.064
89 0.068
90 0.064
91 0.068
92 0.072
93 0.068
94 0.068
95 0.064
96 0.060
97 0.088
98 0.056
99 0.088
100 0.052
