1 0.068
2 0.064
3 0.064
4 0.052
5 0.068
6 0.068
7 0.060
8 0.068
9 0.068
10 0.060
11 0.060
12 0.072
13 0.048
14 0.076
15 0.072
16 0.052
17 0.060
18 0.044
19 0.072
20 0.080
21 0.068
22 0.084
23 0.052
24 0.068
25 0.068
26 0.072
27 0.064
28 0.056
29 0.068
30 0.060
31 0.072
32 0.076
33 0.060
34 0.068
35 0.048
36 0.068
37 0.048
38 0.056
39 0.076
40 0.052
41 0.060
42 0.076
43 0.064
44 0.056
45 0.060
46 0.060
47 0.068
48 0.064
49 0.048
50 0.068
51 0.072
52 0.076
53 0.056
54 0.076
55 0.072
56 0.072
57 0.072
58 0.072
59 0.048
60 0.068
61 0.076
62 0.076
63 0.068
64 0.064
65 0.068
66 0.052
67 0.076
68 0.072
69 0.056
70 0.064
71 0.072
72 0.064
73 0.064
74 0.060
75 0.084
76 0.068
77 0.064
78 0.052
79 0.060
80 0.072
81 0.060
82 0.076
83 0.048
84 0.056
85 0.060
86 0.064
87 0.072
88 0.060
89 0.072
90 0.088
91 0.068
92 0.052
93 0.080
94 0.056
95 0.064
96 0.068
97 0.052
98 0.052
99 0.088
100 0.040
