1 0.624
2 0.560
3 0.456
4 0.560
5 0.588
6 0.652
7 0.628
8 0.600
9 0.608
10 0.576
11 0.568
12 0.544
13 0.640
14 0.560
15 0.572
16 0.584
17 0.572
18 0.568
19 0.644
20 0.616
21 0.644
22 0.616
23 0.596
24 0.640
25 0.592
26 0.644
27 0.680
28 0.588
29 0.564
30 0.620
31 0.648
32 0.580
33 0.584
34 0.608
35 0.628
36 0.568
37 0.484
38 0.616
39 0.624
40 0.612
41 0.568
42 0.556
43 0.632
44 0.604
45 0.592
46 0.648
47 0.664
48 0.624
49 0.620
50 0.604
51 0.600
52 0.576
53 0.576
54 0.540
55 0.572
56 0.612
57 0.556
58 0.584
59 0.604
60 0.628
61 0.660
62 0.584
63 0.624
64 0.612
65 0.576
66 0.580
67 0.640
68 0.556
69 0.648
70 0.636
71 0.688
72 0.608
73 0.596
74 0.588
75 0.592
76 0.588
77 0.608
78 0.504
79 0.656
80 0.544
81 0.520
82 0.536
83 0.600
84 0.496
85 0.552
86 0.536
87 0.604
88 0.600
89 0.616
90 0.592
91 0.620
92 0.588
93 0.540
94 0.616
95 0.564
96 0.692
97 0.564
98 0.608
99 0.636
100 0.580
