1 1.596
2 1.592
3 1.480
4 1.492
5 1.484
6 1.500
7 1.544
8 1.528
9 1.480
10 1.484
11 1.484
12 1.504
13 1.548
14 1.572
15 1.544
16 1.548
17 1.544
18 1.544
19 1.556
20 1.544
21 1.548
22 1.548
23 1.544
24 1.544
25 1.544
26 1.540
27 1.544
28 1.544
29 1.548
30 1.548
31 1.544
32 1.552
33 1.540
34 1.556
35 1.544
36 1.540
37 1.544
38 1.544
39 1.540
40 1.544
41 1.540
42 1.492
43 1.492
44 1.488
45 1.484
46 1.492
47 1.516
48 1.504
49 1.500
50 1.476
51 1.488
52 1.496
53 1.504
54 1.552
55 1.552
56 1.500
57 1.492
58 1.492
59 1.508
60 1.492
61 1.484
62 1.472
63 1.484
64 1.476
65 1.504
66 1.476
67 1.484
68 1.484
69 1.472
70 1.516
71 1.508
72 1.472
73 1.472
74 1.480
75 1.488
76 1.484
77 1.480
78 1.488
79 1.488
80 1.488
81 1.492
82 1.504
83 1.504
84 1.492
85 1.476
86 1.472
87 1.476
88 1.480
89 1.472
90 1.472
91 1.472
92 1.472
93 1.480
94 1.480
95 1.480
96 1.472
97 1.476
98 1.472
99 1.472
100 1.468
