1 5.584
2 5.536
3 5.452
4 5.472
5 5.464
6 5.452
7 5.520
8 5.512
9 5.484
10 5.480
11 5.520
12 5.944
13 5.964
14 5.980
15 5.976
16 5.976
17 5.964
18 5.988
19 5.972
20 5.976
21 5.904
22 5.520
23 5.464
24 5.456
25 5.512
26 5.548
27 5.520
28 5.584
29 5.512
30 5.544
31 5.600
32 5.532
33 5.576
34 5.556
35 5.560
36 5.532
37 5.652
38 5.560
39 5.572
40 5.460
41 5.456
42 5.456
43 5.444
44 5.448
45 5.448
46 5.496
47 5.552
48 5.680
49 5.456
50 5.564
51 5.436
52 5.448
53 5.488
54 5.516
55 5.596
56 5.628
57 5.564
58 5.584
59 5.568
60 5.584
61 5.528
62 5.484
63 5.468
64 5.468
65 5.532
66 5.680
67 5.552
68 5.568
69 5.464
70 5.456
71 5.468
72 5.440
73 5.456
74 5.460
75 5.452
76 5.456
77 5.460
78 5.456
79 5.452
80 5.456
81 5.452
82 5.460
83 5.460
84 5.456
85 5.460
86 5.448
87 5.556
88 5.648
89 5.580
90 5.556
91 5.556
92 5.544
93 5.456
94 5.456
95 5.464
96 5.556
97 5.508
98 5.624
99 5.508
100 5.504
